Using pre-set license
Built from '2021.3/staging' branch; Version is '2021.3.20f1 (577897200b8b) revision 5732503'; Using compiler version '192829333'; Build Type 'Release'
OS: 'Windows 10  (10.0.19045) 64bit Education' Language: 'ru' Physical Memory: 6091 MB
BatchMode: 1, IsHumanControllingUs: 0, StartBugReporterOnCrash: 0, Is64bit: 1, IsPro: 1

COMMAND LINE ARGUMENTS:
D:\Programs Files\2021.3.20f1\Editor\Unity.exe
-adb2
-batchMode
-noUpm
-name
AssetImportWorker0
-projectPath
D:/Programs Files/Progects/sleepNoGame/gJamSleepnt
-logFile
Logs/AssetImportWorker0.log
-srvPort
53049
Successfully changed project path to: D:/Programs Files/Progects/sleepNoGame/gJamSleepnt
D:/Programs Files/Progects/sleepNoGame/gJamSleepnt
[UnityMemory] Configuration Parameters - Can be set up in boot.config
    "memorysetup-bucket-allocator-granularity=16"
    "memorysetup-bucket-allocator-bucket-count=8"
    "memorysetup-bucket-allocator-block-size=33554432"
    "memorysetup-bucket-allocator-block-count=8"
    "memorysetup-main-allocator-block-size=16777216"
    "memorysetup-thread-allocator-block-size=16777216"
    "memorysetup-gfx-main-allocator-block-size=16777216"
    "memorysetup-gfx-thread-allocator-block-size=16777216"
    "memorysetup-cache-allocator-block-size=4194304"
    "memorysetup-typetree-allocator-block-size=2097152"
    "memorysetup-profiler-bucket-allocator-granularity=16"
    "memorysetup-profiler-bucket-allocator-bucket-count=8"
    "memorysetup-profiler-bucket-allocator-block-size=33554432"
    "memorysetup-profiler-bucket-allocator-block-count=8"
    "memorysetup-profiler-allocator-block-size=16777216"
    "memorysetup-profiler-editor-allocator-block-size=1048576"
    "memorysetup-temp-allocator-size-main=16777216"
    "memorysetup-job-temp-allocator-block-size=2097152"
    "memorysetup-job-temp-allocator-block-size-background=1048576"
    "memorysetup-job-temp-allocator-reduction-small-platforms=262144"
    "memorysetup-temp-allocator-size-background-worker=32768"
    "memorysetup-temp-allocator-size-job-worker=262144"
    "memorysetup-temp-allocator-size-preload-manager=33554432"
    "memorysetup-temp-allocator-size-nav-mesh-worker=65536"
    "memorysetup-temp-allocator-size-audio-worker=65536"
    "memorysetup-temp-allocator-size-cloud-worker=32768"
    "memorysetup-temp-allocator-size-gi-baking-worker=262144"
    "memorysetup-temp-allocator-size-gfx=262144"
Player connection [15104] Host "[IP] 26.198.21.141 [Port] 0 [Flags] 2 [Guid] 3525882620 [EditorId] 3525882620 [Version] 1048832 [Id] WindowsEditor(7,DESKTOP-PEVF144) [Debug] 1 [PackageName] WindowsEditor [ProjectName] Editor" joined multi-casting on [225.0.0.222:54997]...

Player connection [15104] Host "[IP] 26.198.21.141 [Port] 0 [Flags] 2 [Guid] 3525882620 [EditorId] 3525882620 [Version] 1048832 [Id] WindowsEditor(7,DESKTOP-PEVF144) [Debug] 1 [PackageName] WindowsEditor [ProjectName] Editor" joined alternative multi-casting on [225.0.0.222:34997]...

Refreshing native plugins compatible for Editor in 143.83 ms, found 3 plugins.
Preloading 0 native plugins for Editor in 0.00 ms.
Initialize engine version: 2021.3.20f1 (577897200b8b)
[Subsystems] Discovering subsystems at path D:/Programs Files/2021.3.20f1/Editor/Data/Resources/UnitySubsystems
[Subsystems] Discovering subsystems at path D:/Programs Files/Progects/sleepNoGame/gJamSleepnt/Assets
GfxDevice: creating device client; threaded=0; jobified=0
Direct3D:
    Version:  Direct3D 11.0 [level 11.1]
    Renderer: AMD Radeon(TM) Vega 8 Graphics (ID=0x15d8)
    Vendor:   ATI
    VRAM:     3045 MB
    Driver:   27.20.22002.2001
Initialize mono
Mono path[0] = 'D:/Programs Files/2021.3.20f1/Editor/Data/Managed'
Mono path[1] = 'D:/Programs Files/2021.3.20f1/Editor/Data/MonoBleedingEdge/lib/mono/unityjit-win32'
Mono config path = 'D:/Programs Files/2021.3.20f1/Editor/Data/MonoBleedingEdge/etc'
Using monoOptions --debugger-agent=transport=dt_socket,embedding=1,server=y,suspend=n,address=127.0.0.1:56152
Begin MonoManager ReloadAssembly
Registering precompiled unity dll's ...
Register platform support module: D:/Programs Files/2021.3.20f1/Editor/Data/PlaybackEngines/WebGLSupport/UnityEditor.WebGL.Extensions.dll
Register platform support module: D:/Programs Files/2021.3.20f1/Editor/Data/PlaybackEngines/WindowsStandaloneSupport/UnityEditor.WindowsStandalone.Extensions.dll
Registered in 0.006811 seconds.
Native extension for WindowsStandalone target not found
Native extension for WebGL target not found
Refreshing native plugins compatible for Editor in 305.49 ms, found 3 plugins.
Preloading 0 native plugins for Editor in 0.00 ms.
Mono: successfully reloaded assembly
- Completed reload, in  2.093 seconds
Domain Reload Profiling:
	ReloadAssembly (2094ms)
		BeginReloadAssembly (243ms)
			ExecutionOrderSort (0ms)
			DisableScriptedObjects (0ms)
			BackupInstance (0ms)
			ReleaseScriptingObjects (0ms)
			CreateAndSetChildDomain (2ms)
		EndReloadAssembly (1432ms)
			LoadAssemblies (245ms)
			RebuildTransferFunctionScriptingTraits (0ms)
			SetupTypeCache (319ms)
			ReleaseScriptCaches (0ms)
			RebuildScriptCaches (137ms)
			SetupLoadedEditorAssemblies (863ms)
				LogAssemblyErrors (0ms)
				InitializePlatformSupportModulesInManaged (19ms)
				SetLoadedEditorAssemblies (0ms)
				RefreshPlugins (306ms)
				BeforeProcessingInitializeOnLoad (3ms)
				ProcessInitializeOnLoadAttributes (425ms)
				ProcessInitializeOnLoadMethodAttributes (109ms)
				AfterProcessingInitializeOnLoad (0ms)
				EditorAssembliesLoaded (0ms)
			ExecutionOrderSort2 (0ms)
			AwakeInstancesAfterBackupRestoration (0ms)
Platform modules already initialized, skipping
Registering precompiled user dll's ...
Registered in 0.009888 seconds.
Begin MonoManager ReloadAssembly
Symbol file LoadedFromMemory doesn't match image D:\Programs Files\Progects\sleepNoGame\gJamSleepnt\Library\PackageCache\com.unity.visualscripting@1.8.0\Editor\VisualScripting.Core\Dependencies\YamlDotNet\Unity.VisualScripting.YamlDotNet.dll
Symbol file LoadedFromMemory doesn't match image D:\Programs Files\Progects\sleepNoGame\gJamSleepnt\Library\PackageCache\com.unity.visualscripting@1.8.0\Editor\VisualScripting.Core\Dependencies\DotNetZip\Unity.VisualScripting.IonicZip.dll
Native extension for WindowsStandalone target not found
Native extension for WebGL target not found
Refreshing native plugins compatible for Editor in 0.81 ms, found 3 plugins.
Preloading 0 native plugins for Editor in 0.00 ms.
Mono: successfully reloaded assembly
- Completed reload, in  1.855 seconds
Domain Reload Profiling:
	ReloadAssembly (1857ms)
		BeginReloadAssembly (239ms)
			ExecutionOrderSort (0ms)
			DisableScriptedObjects (12ms)
			BackupInstance (0ms)
			ReleaseScriptingObjects (0ms)
			CreateAndSetChildDomain (35ms)
		EndReloadAssembly (1440ms)
			LoadAssemblies (182ms)
			RebuildTransferFunctionScriptingTraits (0ms)
			SetupTypeCache (538ms)
			ReleaseScriptCaches (1ms)
			RebuildScriptCaches (109ms)
			SetupLoadedEditorAssemblies (569ms)
				LogAssemblyErrors (0ms)
				InitializePlatformSupportModulesInManaged (9ms)
				SetLoadedEditorAssemblies (1ms)
				RefreshPlugins (1ms)
				BeforeProcessingInitializeOnLoad (142ms)
				ProcessInitializeOnLoadAttributes (380ms)
				ProcessInitializeOnLoadMethodAttributes (33ms)
				AfterProcessingInitializeOnLoad (5ms)
				EditorAssembliesLoaded (0ms)
			ExecutionOrderSort2 (0ms)
			AwakeInstancesAfterBackupRestoration (12ms)
Platform modules already initialized, skipping
========================================================================
Worker process is ready to serve import requests
Launched and connected shader compiler UnityShaderCompiler.exe after 0.08 seconds
Refreshing native plugins compatible for Editor in 6.47 ms, found 3 plugins.
Preloading 0 native plugins for Editor in 0.00 ms.
Unloading 3115 Unused Serialized files (Serialized files now loaded: 0)
Unloading 24 unused Assets / (114.1 KB). Loaded Objects now: 3576.
Memory consumption went from 111.6 MB to 111.5 MB.
Total: 10.716700 ms (FindLiveObjects: 1.141900 ms CreateObjectMapping: 1.030800 ms MarkObjects: 8.153900 ms  DeleteObjects: 0.388000 ms)

AssetImportParameters requested are different than current active one (requested -> active):
  custom:video-decoder-ogg-theora: a1e56fd34408186e4bbccfd4996cb3dc -> 
  custom:container-muxer-webm: aa71ff27fc2769a1b78a27578f13a17b -> 
  custom:container-demuxer-webm: 4f35f7cbe854078d1ac9338744f61a02 -> 
  custom:video-encoder-webm-vp8: eb34c28f22e8b96e1ab97ce403110664 -> 
  custom:audio-encoder-webm-vorbis: bf7c407c2cedff20999df2af8eb42d56 -> 
  custom:framework-win-MediaFoundation: 216162199b28c13a410421893ffa2e32 -> 
  custom:container-demuxer-ogg: 62fdf1f143b41e24485cea50d1cbac27 -> 
  custom:video-decoder-webm-vp8: 9c59270c3fd7afecdb556c50c9e8de78 -> 
  custom:audio-decoder-ogg-vorbis: bf7c407c2cedff20999df2af8eb42d56 -> 
========================================================================
Received Import Request.
  Time since last request: 198579.238912 seconds.
  path: Assets/MainLevel/Prefabs/Roads/Road (1).prefab
  artifactKey: Guid(c88c0e8eee5d2074082b8049e23be403) Importer(815301076,1909f56bfc062723c751e8b465ee728b)
Start importing Assets/MainLevel/Prefabs/Roads/Road (1).prefab using Guid(c88c0e8eee5d2074082b8049e23be403) Importer(815301076,1909f56bfc062723c751e8b465ee728b)  -> (artifact id: 'e37efc53c0c63d49860d2b7de9f5a69e') in 0.350202 seconds 
========================================================================
Received Import Request.
  Time since last request: 10.458273 seconds.
  path: Assets/MainLevel/Models/Obstacles
  artifactKey: Guid(cd5fa57faf2278644b9a596b08a39674) Importer(815301076,1909f56bfc062723c751e8b465ee728b)
Start importing Assets/MainLevel/Models/Obstacles using Guid(cd5fa57faf2278644b9a596b08a39674) Importer(815301076,1909f56bfc062723c751e8b465ee728b)  -> (artifact id: 'ae87b8e165da42586695bde390062a30') in 0.012465 seconds 
========================================================================
Received Import Request.
  Time since last request: 0.046561 seconds.
  path: Assets/MainLevel/Models/Obstacles/climbable.fbx
  artifactKey: Guid(aba8c52674339d2468879d612701122e) Importer(815301076,1909f56bfc062723c751e8b465ee728b)
Start importing Assets/MainLevel/Models/Obstacles/climbable.fbx using Guid(aba8c52674339d2468879d612701122e) Importer(815301076,1909f56bfc062723c751e8b465ee728b)  -> (artifact id: 'f828865ce36b2457d433cf7500a38903') in 0.141697 seconds 
========================================================================
Received Import Request.
  Time since last request: 0.000039 seconds.
  path: Assets/MainLevel/Models/Obstacles/jumponly.fbx
  artifactKey: Guid(e461f17ce0a4f8e4c83932a1b3132c25) Importer(815301076,1909f56bfc062723c751e8b465ee728b)
Start importing Assets/MainLevel/Models/Obstacles/jumponly.fbx using Guid(e461f17ce0a4f8e4c83932a1b3132c25) Importer(815301076,1909f56bfc062723c751e8b465ee728b)  -> (artifact id: '5009354ccbfa2c5ef6add2cb159e280e') in 0.024460 seconds 
========================================================================
Received Import Request.
  Time since last request: 42.205453 seconds.
  path: Assets/MainLevel/Models/SceneTileset/30LengthTileset.fbx
  artifactKey: Guid(69f79a1192358414cb21de8979fbeecd) Importer(815301076,1909f56bfc062723c751e8b465ee728b)
Start importing Assets/MainLevel/Models/SceneTileset/30LengthTileset.fbx using Guid(69f79a1192358414cb21de8979fbeecd) Importer(815301076,1909f56bfc062723c751e8b465ee728b)  -> (artifact id: '6e10c19222f88201c9debc9a234c9e65') in 1.151135 seconds 
========================================================================
Received Import Request.
  Time since last request: 0.000053 seconds.
  path: Assets/MainLevel/Models/SceneTileset/50LengthTileset.fbx
  artifactKey: Guid(62509e9dfdd740f4eb46737c77ab1995) Importer(815301076,1909f56bfc062723c751e8b465ee728b)
Start importing Assets/MainLevel/Models/SceneTileset/50LengthTileset.fbx using Guid(62509e9dfdd740f4eb46737c77ab1995) Importer(815301076,1909f56bfc062723c751e8b465ee728b)  -> (artifact id: 'cb1c21a03c083e66b06c42b9aa3b5441') in 1.611616 seconds 
========================================================================
Received Import Request.
  Time since last request: 36.966086 seconds.
  path: Assets/MainLevel/Models/SceneDecor/decorative thingamajig 1.fbx
  artifactKey: Guid(c906c8b4d465e624692f4e0872c84e62) Importer(815301076,1909f56bfc062723c751e8b465ee728b)
Start importing Assets/MainLevel/Models/SceneDecor/decorative thingamajig 1.fbx using Guid(c906c8b4d465e624692f4e0872c84e62) Importer(815301076,1909f56bfc062723c751e8b465ee728b)  -> (artifact id: 'bdb878d5bb973f23b4ade9c5a95d49d2') in 0.258303 seconds 
========================================================================
Received Import Request.
  Time since last request: 0.096211 seconds.
  path: Assets/bombBox.obj
  artifactKey: Guid(bbd1e8ee19e45e34e9951c69e5419997) Importer(815301076,1909f56bfc062723c751e8b465ee728b)
Start importing Assets/bombBox.obj using Guid(bbd1e8ee19e45e34e9951c69e5419997) Importer(815301076,1909f56bfc062723c751e8b465ee728b)  -> (artifact id: '9930e947705defc6c4f207c9599f3f68') in 0.102598 seconds 
========================================================================
Received Import Request.
  Time since last request: 6.176846 seconds.
  path: Assets/MainLevel/Models/SceneTileset/60LengthTileset.fbx
  artifactKey: Guid(2574f552a61d51e42933fdb25f3fdd77) Importer(815301076,1909f56bfc062723c751e8b465ee728b)
Start importing Assets/MainLevel/Models/SceneTileset/60LengthTileset.fbx using Guid(2574f552a61d51e42933fdb25f3fdd77) Importer(815301076,1909f56bfc062723c751e8b465ee728b)  -> (artifact id: 'fa6e97628c6a41f78d56a12e1d0b420d') in 1.640618 seconds 
========================================================================
Received Prepare
Registering precompiled user dll's ...
Registered in 0.007406 seconds.
Begin MonoManager ReloadAssembly
Symbol file LoadedFromMemory doesn't match image D:\Programs Files\Progects\sleepNoGame\gJamSleepnt\Library\PackageCache\com.unity.visualscripting@1.8.0\Editor\VisualScripting.Core\Dependencies\YamlDotNet\Unity.VisualScripting.YamlDotNet.dll
Symbol file LoadedFromMemory doesn't match image D:\Programs Files\Progects\sleepNoGame\gJamSleepnt\Library\PackageCache\com.unity.visualscripting@1.8.0\Editor\VisualScripting.Core\Dependencies\DotNetZip\Unity.VisualScripting.IonicZip.dll
Native extension for WindowsStandalone target not found
Native extension for WebGL target not found
Refreshing native plugins compatible for Editor in 1.24 ms, found 3 plugins.
Preloading 0 native plugins for Editor in 0.00 ms.
Mono: successfully reloaded assembly
- Completed reload, in  2.147 seconds
Domain Reload Profiling:
	ReloadAssembly (2149ms)
		BeginReloadAssembly (317ms)
			ExecutionOrderSort (0ms)
			DisableScriptedObjects (12ms)
			BackupInstance (0ms)
			ReleaseScriptingObjects (0ms)
			CreateAndSetChildDomain (94ms)
		EndReloadAssembly (1641ms)
			LoadAssemblies (225ms)
			RebuildTransferFunctionScriptingTraits (0ms)
			SetupTypeCache (621ms)
			ReleaseScriptCaches (5ms)
			RebuildScriptCaches (98ms)
			SetupLoadedEditorAssemblies (630ms)
				LogAssemblyErrors (0ms)
				InitializePlatformSupportModulesInManaged (11ms)
				SetLoadedEditorAssemblies (1ms)
				RefreshPlugins (1ms)
				BeforeProcessingInitializeOnLoad (115ms)
				ProcessInitializeOnLoadAttributes (449ms)
				ProcessInitializeOnLoadMethodAttributes (46ms)
				AfterProcessingInitializeOnLoad (7ms)
				EditorAssembliesLoaded (0ms)
			ExecutionOrderSort2 (0ms)
			AwakeInstancesAfterBackupRestoration (13ms)
Platform modules already initialized, skipping
Refreshing native plugins compatible for Editor in 6.14 ms, found 3 plugins.
Preloading 0 native plugins for Editor in 0.00 ms.
Unloading 3097 Unused Serialized files (Serialized files now loaded: 0)
Unloading 17 unused Assets / (79.9 KB). Loaded Objects now: 3625.
Memory consumption went from 128.2 MB to 128.1 MB.
Total: 5.312600 ms (FindLiveObjects: 0.569100 ms CreateObjectMapping: 0.151100 ms MarkObjects: 4.394800 ms  DeleteObjects: 0.194500 ms)

AssetImportParameters requested are different than current active one (requested -> active):
  custom:video-decoder-ogg-theora: a1e56fd34408186e4bbccfd4996cb3dc -> 
  custom:container-muxer-webm: aa71ff27fc2769a1b78a27578f13a17b -> 
  custom:container-demuxer-webm: 4f35f7cbe854078d1ac9338744f61a02 -> 
  custom:video-encoder-webm-vp8: eb34c28f22e8b96e1ab97ce403110664 -> 
  custom:audio-encoder-webm-vorbis: bf7c407c2cedff20999df2af8eb42d56 -> 
  custom:framework-win-MediaFoundation: 216162199b28c13a410421893ffa2e32 -> 
  custom:container-demuxer-ogg: 62fdf1f143b41e24485cea50d1cbac27 -> 
  custom:video-decoder-webm-vp8: 9c59270c3fd7afecdb556c50c9e8de78 -> 
  custom:audio-decoder-ogg-vorbis: bf7c407c2cedff20999df2af8eb42d56 -> 
========================================================================
Received Import Request.
  Time since last request: 424.417901 seconds.
  path: Assets/MainLevel/Models/SceneDecor/decorative thingamajig 2.fbx
  artifactKey: Guid(d3641638d2795e9409dc935325ab7df3) Importer(815301076,1909f56bfc062723c751e8b465ee728b)
Start importing Assets/MainLevel/Models/SceneDecor/decorative thingamajig 2.fbx using Guid(d3641638d2795e9409dc935325ab7df3) Importer(815301076,1909f56bfc062723c751e8b465ee728b)  -> (artifact id: '5802f49ca7e0b5e8fcb37c5e38d1a56b') in 0.249783 seconds 
========================================================================
Received Import Request.
  Time since last request: 7.040459 seconds.
  path: Assets/MainLevel/Prefabs/Roads/Road (3).prefab
  artifactKey: Guid(54f3f9d67b90abb4f85ed879b7920f39) Importer(815301076,1909f56bfc062723c751e8b465ee728b)
Start importing Assets/MainLevel/Prefabs/Roads/Road (3).prefab using Guid(54f3f9d67b90abb4f85ed879b7920f39) Importer(815301076,1909f56bfc062723c751e8b465ee728b)  -> (artifact id: 'd6f8c2f4fdec15ddb4a07ce73e25a775') in 0.075601 seconds 
========================================================================
Received Import Request.
  Time since last request: 8.264452 seconds.
  path: Assets/MainLevel/Prefabs/Roads/Road (3).prefab
  artifactKey: Guid(54f3f9d67b90abb4f85ed879b7920f39) Importer(815301076,1909f56bfc062723c751e8b465ee728b)
Start importing Assets/MainLevel/Prefabs/Roads/Road (3).prefab using Guid(54f3f9d67b90abb4f85ed879b7920f39) Importer(815301076,1909f56bfc062723c751e8b465ee728b)  -> (artifact id: 'e79da4678a3d2c956ce08e85f5a4c246') in 0.052857 seconds 
========================================================================
Received Import Request.
  Time since last request: 86.218868 seconds.
  path: Assets/MainLevel/Models/Obstacles/slideonly.fbx
  artifactKey: Guid(a46575ade4ba50640819a1ecdae7a01b) Importer(815301076,1909f56bfc062723c751e8b465ee728b)
Start importing Assets/MainLevel/Models/Obstacles/slideonly.fbx using Guid(a46575ade4ba50640819a1ecdae7a01b) Importer(815301076,1909f56bfc062723c751e8b465ee728b)  -> (artifact id: 'd09a124156ee423c5339d58bf1650cd8') in 0.083523 seconds 
========================================================================
Received Import Request.
  Time since last request: 92.870892 seconds.
  path: Assets/MainLevel/Models/Obstacles/slidePref.prefab
  artifactKey: Guid(4884cfb7f0063b54bafcd297da698c00) Importer(815301076,1909f56bfc062723c751e8b465ee728b)
Start importing Assets/MainLevel/Models/Obstacles/slidePref.prefab using Guid(4884cfb7f0063b54bafcd297da698c00) Importer(815301076,1909f56bfc062723c751e8b465ee728b)  -> (artifact id: 'e2050899e7e36131b27c032e52a52bdc') in 0.036950 seconds 
========================================================================
Received Import Request.
  Time since last request: 19.038151 seconds.
  path: Assets/MainLevel/Models/Obstacles/slidePref.prefab
  artifactKey: Guid(4884cfb7f0063b54bafcd297da698c00) Importer(815301076,1909f56bfc062723c751e8b465ee728b)
Start importing Assets/MainLevel/Models/Obstacles/slidePref.prefab using Guid(4884cfb7f0063b54bafcd297da698c00) Importer(815301076,1909f56bfc062723c751e8b465ee728b)  -> (artifact id: '00d8c7d78229eacf4746ebff10750ac9') in 0.023246 seconds 
========================================================================
Received Import Request.
  Time since last request: 21.646823 seconds.
  path: Assets/MainLevel/Models/Obstacles/slidePref.prefab
  artifactKey: Guid(4884cfb7f0063b54bafcd297da698c00) Importer(815301076,1909f56bfc062723c751e8b465ee728b)
Start importing Assets/MainLevel/Models/Obstacles/slidePref.prefab using Guid(4884cfb7f0063b54bafcd297da698c00) Importer(815301076,1909f56bfc062723c751e8b465ee728b)  -> (artifact id: '7cdd0d70ce92b47309986799d70c4516') in 0.029990 seconds 
========================================================================
Received Import Request.
  Time since last request: 22.127716 seconds.
  path: Assets/MainLevel/Prefabs/Roads/Road (2).prefab
  artifactKey: Guid(f03d0947b55daeb4e9ae4684ebb8c294) Importer(815301076,1909f56bfc062723c751e8b465ee728b)
Start importing Assets/MainLevel/Prefabs/Roads/Road (2).prefab using Guid(f03d0947b55daeb4e9ae4684ebb8c294) Importer(815301076,1909f56bfc062723c751e8b465ee728b)  -> (artifact id: '961dbc473a63fad722adc6a17f9e921e') in 0.059127 seconds 
========================================================================
Received Import Request.
  Time since last request: 7.137563 seconds.
  path: Assets/MainLevel/Prefabs/Roads/Road (3).prefab
  artifactKey: Guid(54f3f9d67b90abb4f85ed879b7920f39) Importer(815301076,1909f56bfc062723c751e8b465ee728b)
Start importing Assets/MainLevel/Prefabs/Roads/Road (3).prefab using Guid(54f3f9d67b90abb4f85ed879b7920f39) Importer(815301076,1909f56bfc062723c751e8b465ee728b)  -> (artifact id: 'a2d5caf61ab0883f0ff2d60276542fe1') in 0.100215 seconds 
========================================================================
Received Import Request.
  Time since last request: 6.520857 seconds.
  path: Assets/MainLevel/Prefabs/Roads/Road (3).prefab
  artifactKey: Guid(54f3f9d67b90abb4f85ed879b7920f39) Importer(815301076,1909f56bfc062723c751e8b465ee728b)
Start importing Assets/MainLevel/Prefabs/Roads/Road (3).prefab using Guid(54f3f9d67b90abb4f85ed879b7920f39) Importer(815301076,1909f56bfc062723c751e8b465ee728b)  -> (artifact id: '048a4b5641a4effe1a9f426d348b8fb2') in 0.056578 seconds 
========================================================================
Received Import Request.
  Time since last request: 2.254513 seconds.
  path: Assets/MainLevel/Prefabs/Roads/Road (3).prefab
  artifactKey: Guid(54f3f9d67b90abb4f85ed879b7920f39) Importer(815301076,1909f56bfc062723c751e8b465ee728b)
Start importing Assets/MainLevel/Prefabs/Roads/Road (3).prefab using Guid(54f3f9d67b90abb4f85ed879b7920f39) Importer(815301076,1909f56bfc062723c751e8b465ee728b)  -> (artifact id: 'f7f5c900ba86975461fc16179d3b794d') in 0.054293 seconds 
========================================================================
Received Import Request.
  Time since last request: 7.708278 seconds.
  path: Assets/MainLevel/Prefabs/climbPref.prefab
  artifactKey: Guid(cdecdbc2cde1a4545b0ed5d238908580) Importer(815301076,1909f56bfc062723c751e8b465ee728b)
Start importing Assets/MainLevel/Prefabs/climbPref.prefab using Guid(cdecdbc2cde1a4545b0ed5d238908580) Importer(815301076,1909f56bfc062723c751e8b465ee728b)  -> (artifact id: '7c30f7e5d5ae18ed550aab7eb7d2312a') in 0.034118 seconds 
========================================================================
Received Import Request.
  Time since last request: 3.531835 seconds.
  path: Assets/MainLevel/Prefabs/Roads/Road (3).prefab
  artifactKey: Guid(54f3f9d67b90abb4f85ed879b7920f39) Importer(815301076,1909f56bfc062723c751e8b465ee728b)
Start importing Assets/MainLevel/Prefabs/Roads/Road (3).prefab using Guid(54f3f9d67b90abb4f85ed879b7920f39) Importer(815301076,1909f56bfc062723c751e8b465ee728b)  -> (artifact id: '275017434a08848b6b77d7d2d01db2cf') in 0.045160 seconds 
========================================================================
Received Import Request.
  Time since last request: 48.336664 seconds.
  path: Assets/MainLevel/Prefabs/Roads/Road (1).prefab
  artifactKey: Guid(c88c0e8eee5d2074082b8049e23be403) Importer(815301076,1909f56bfc062723c751e8b465ee728b)
Start importing Assets/MainLevel/Prefabs/Roads/Road (1).prefab using Guid(c88c0e8eee5d2074082b8049e23be403) Importer(815301076,1909f56bfc062723c751e8b465ee728b)  -> (artifact id: '6b85510fcb1b77f25987f7f3a2217903') in 0.113547 seconds 
========================================================================
Received Prepare
Registering precompiled user dll's ...
Registered in 0.005939 seconds.
Begin MonoManager ReloadAssembly
Symbol file LoadedFromMemory doesn't match image D:\Programs Files\Progects\sleepNoGame\gJamSleepnt\Library\PackageCache\com.unity.visualscripting@1.8.0\Editor\VisualScripting.Core\Dependencies\YamlDotNet\Unity.VisualScripting.YamlDotNet.dll
Symbol file LoadedFromMemory doesn't match image D:\Programs Files\Progects\sleepNoGame\gJamSleepnt\Library\PackageCache\com.unity.visualscripting@1.8.0\Editor\VisualScripting.Core\Dependencies\DotNetZip\Unity.VisualScripting.IonicZip.dll
Native extension for WindowsStandalone target not found
Native extension for WebGL target not found
Refreshing native plugins compatible for Editor in 1.39 ms, found 3 plugins.
Preloading 0 native plugins for Editor in 0.00 ms.
Mono: successfully reloaded assembly
- Completed reload, in  2.819 seconds
Domain Reload Profiling:
	ReloadAssembly (2822ms)
		BeginReloadAssembly (336ms)
			ExecutionOrderSort (0ms)
			DisableScriptedObjects (10ms)
			BackupInstance (0ms)
			ReleaseScriptingObjects (0ms)
			CreateAndSetChildDomain (123ms)
		EndReloadAssembly (2310ms)
			LoadAssemblies (213ms)
			RebuildTransferFunctionScriptingTraits (0ms)
			SetupTypeCache (678ms)
			ReleaseScriptCaches (3ms)
			RebuildScriptCaches (182ms)
			SetupLoadedEditorAssemblies (1001ms)
				LogAssemblyErrors (0ms)
				InitializePlatformSupportModulesInManaged (12ms)
				SetLoadedEditorAssemblies (1ms)
				RefreshPlugins (2ms)
				BeforeProcessingInitializeOnLoad (178ms)
				ProcessInitializeOnLoadAttributes (711ms)
				ProcessInitializeOnLoadMethodAttributes (87ms)
				AfterProcessingInitializeOnLoad (10ms)
				EditorAssembliesLoaded (1ms)
			ExecutionOrderSort2 (0ms)
			AwakeInstancesAfterBackupRestoration (24ms)
Platform modules already initialized, skipping
Refreshing native plugins compatible for Editor in 6.43 ms, found 3 plugins.
Preloading 0 native plugins for Editor in 0.00 ms.
Unloading 3097 Unused Serialized files (Serialized files now loaded: 0)
Unloading 18 unused Assets / (80.7 KB). Loaded Objects now: 3628.
Memory consumption went from 128.2 MB to 128.2 MB.
Total: 13.517500 ms (FindLiveObjects: 1.293100 ms CreateObjectMapping: 1.606600 ms MarkObjects: 10.185600 ms  DeleteObjects: 0.424500 ms)

AssetImportParameters requested are different than current active one (requested -> active):
  custom:video-decoder-ogg-theora: a1e56fd34408186e4bbccfd4996cb3dc -> 
  custom:container-muxer-webm: aa71ff27fc2769a1b78a27578f13a17b -> 
  custom:container-demuxer-webm: 4f35f7cbe854078d1ac9338744f61a02 -> 
  custom:video-encoder-webm-vp8: eb34c28f22e8b96e1ab97ce403110664 -> 
  custom:audio-encoder-webm-vorbis: bf7c407c2cedff20999df2af8eb42d56 -> 
  custom:framework-win-MediaFoundation: 216162199b28c13a410421893ffa2e32 -> 
  custom:container-demuxer-ogg: 62fdf1f143b41e24485cea50d1cbac27 -> 
  custom:video-decoder-webm-vp8: 9c59270c3fd7afecdb556c50c9e8de78 -> 
  custom:audio-decoder-ogg-vorbis: bf7c407c2cedff20999df2af8eb42d56 -> 
========================================================================
Received Import Request.
  Time since last request: 248.824948 seconds.
  path: Assets/MainLevel/Prefabs/slidePref.prefab
  artifactKey: Guid(4884cfb7f0063b54bafcd297da698c00) Importer(815301076,1909f56bfc062723c751e8b465ee728b)
Start importing Assets/MainLevel/Prefabs/slidePref.prefab using Guid(4884cfb7f0063b54bafcd297da698c00) Importer(815301076,1909f56bfc062723c751e8b465ee728b)  -> (artifact id: '52053a343731aa806f0c3a49e52f3259') in 0.163957 seconds 
========================================================================
Received Import Request.
  Time since last request: 51.396226 seconds.
  path: Assets/MainLevel/Prefabs/Roads/Road (1).prefab
  artifactKey: Guid(c88c0e8eee5d2074082b8049e23be403) Importer(815301076,1909f56bfc062723c751e8b465ee728b)
Start importing Assets/MainLevel/Prefabs/Roads/Road (1).prefab using Guid(c88c0e8eee5d2074082b8049e23be403) Importer(815301076,1909f56bfc062723c751e8b465ee728b)  -> (artifact id: '83298725821695e76b8081e6f7854dc2') in 0.117078 seconds 
